Starting App
2024-08-02 09:31:32.483236: Getting Secrets
Finish run

Starting App
2024-08-02 09:31:33.814703: Getting Secrets
Finish run

Starting App
2024-08-02 09:33:51.919944: Getting Secrets
Finish run

Starting App
2024-08-02 09:34:45.684252: Getting Secrets
PARAMS: {}
Starting App
2024-08-02 09:35:34.500195: Getting Secrets
PARAMS: {}
Starting App
2024-08-02 09:42:44.169840: Getting Secrets
2024-08-02 09:42:44.565201Posts from 'https://x.com/elonmusk?ref_src=twsrc%5Egoogle%7Ctwcamp%5Eserp%7Ctwgr%5Eauthor' have been saved to 'posts.txt'.
Finish run

Starting App
2024-08-02 09:43:28.315624: Getting Secrets
2024-08-02 09:43:28.411440Posts from 'https://x.com/elonmusk?ref_src=twsrc%5Egoogle%7Ctwcamp%5Eserp%7Ctwgr%5Eauthor' have been saved to 'posts.txt'.
Finish run

Starting App
2024-08-02 10:16:17.012638: Getting Secrets
Starting App
2024-08-02 10:16:27.518191: Getting Secrets
PARAMS: {}
Starting App
2024-08-02 10:34:26.209049: Getting Secrets
Starting App
2024-08-02 10:34:38.365452: Getting Secrets
PARAMS: {}
Starting App
2024-08-02 10:35:09.737863: Getting Secrets
PARAMS: {'screen_name': 'ruyzambrano'}
