Starting App
2024-08-02 12:01:00.742034: Getting Secrets
Starting App
2024-08-02 12:02:48.887117: Getting Secrets
Finish run

Starting App
2024-08-02 12:03:56.489758: Getting Secrets
Finish run

Starting App
2024-08-02 12:04:05.723275: Getting Secrets
Finish run

Starting App
2024-08-02 12:04:23.714256: Getting Secrets
Finish run

Starting App
2024-08-02 12:04:44.787022: Getting Secrets
Finish run

Starting App
2024-08-02 12:05:23.475090: Getting Secrets
Finish run

Starting App
2024-08-02 12:06:25.417879: Getting Secrets
Finish run

Starting App
2024-08-02 12:06:36.697091: Getting Secrets
Finish run

Starting App
2024-08-02 12:17:21.086252: Getting Secrets
PARAMS: {'screen_name': 'ruyzambrano'}
Signing request <PreparedRequest [GET]> using client <Client client_key=rVcDSUqyxvJddbIQvslxhzScP, client_secret=****, resource_owner_key=1493902887403110400-U7VMGEdaUbhHolp2m0mMgDoXB1Ts2O, resource_owner_secret=****, signature_method=HMAC-SHA1, signature_type=AUTH_HEADER, callback_uri=None, rsa_key=None, verifier=None, realm=None, encoding=utf-8, decoding=None, nonce=None, timestamp=None>
Including body in call to sign: False
Collected params: [('screen_name', 'ruyzambrano'), ('oauth_nonce', '83515403379103770051722597441'), ('oauth_timestamp', '1722597441'), ('oauth_version', '1.0'), ('oauth_signature_method', 'HMAC-SHA1'), ('oauth_consumer_key', 'rVcDSUqyxvJddbIQvslxhzScP'), ('oauth_token', '1493902887403110400-U7VMGEdaUbhHolp2m0mMgDoXB1Ts2O')]
Normalized params: oauth_consumer_key=rVcDSUqyxvJddbIQvslxhzScP&oauth_nonce=83515403379103770051722597441&oauth_signature_method=HMAC-SHA1&oauth_timestamp=1722597441&oauth_token=1493902887403110400-U7VMGEdaUbhHolp2m0mMgDoXB1Ts2O&oauth_version=1.0&screen_name=ruyzambrano
Normalized URI: https://api.twitter.com/1.1/users/show.json
Signing: signature base string: GET&https%3A%2F%2Fapi.twitter.com%2F1.1%2Fusers%2Fshow.json&oauth_consumer_key%3DrVcDSUqyxvJddbIQvslxhzScP%26oauth_nonce%3D83515403379103770051722597441%26oauth_signature_method%3DHMAC-SHA1%26oauth_timestamp%3D1722597441%26oauth_token%3D1493902887403110400-U7VMGEdaUbhHolp2m0mMgDoXB1Ts2O%26oauth_version%3D1.0%26screen_name%3Druyzambrano
Signature: S80oXi7Nmo9l1p4wZE7ALulJy9c=
Updated url: https://api.twitter.com/1.1/users/show.json?screen_name=ruyzambrano
Updated headers: {'User-Agent': 'Python/3.12.3 Requests/2.32.3 Tweepy/4.14.0', 'Accept-Encoding': 'gzip, deflate', 'Accept': '*/*', 'Connection': 'keep-alive', 'Authorization': 'OAuth oauth_nonce="83515403379103770051722597441", oauth_timestamp="1722597441", oauth_version="1.0", oauth_signature_method="HMAC-SHA1", oauth_consumer_key="rVcDSUqyxvJddbIQvslxhzScP", oauth_token="1493902887403110400-U7VMGEdaUbhHolp2m0mMgDoXB1Ts2O", oauth_signature="S80oXi7Nmo9l1p4wZE7ALulJy9c%3D"'}
Updated body: None
Starting new HTTPS connection (1): api.twitter.com:443
https://api.twitter.com:443 "GET /1.1/users/show.json?screen_name=ruyzambrano HTTP/11" 403 241
2024-08-02 12:17:21.249642: Finish run

